<?xml version="1.0" encoding="UTF-8"?>
<testsuite xmlns:xsi="http://www.w3.org/2001/XMLSchema-instance" xsi:noNamespaceSchemaLocation="https://maven.apache.org/surefire/maven-surefire-plugin/xsd/surefire-test-report.xsd" name="simple.graph.GraphTest" time="0.074" tests="6" errors="0" skipped="0" failures="0">
  <properties>
    <property name="java.specification.version" value="14"/>
    <property name="sun.jnu.encoding" value="UTF-8"/>
    <property name="java.class.path" value="/Users/manjaripokala/Documents/Interview Prep/TakeHome/Github/graphjava/target/test-classes:/Users/manjaripokala/Documents/Interview Prep/TakeHome/Github/graphjava/target/classes:/Users/manjaripokala/.m2/repository/junit/junit/4.11/junit-4.11.jar:/Users/manjaripokala/.m2/repository/org/hamcrest/hamcrest-core/1.3/hamcrest-core-1.3.jar:"/>
    <property name="java.vm.vendor" value="Oracle Corporation"/>
    <property name="sun.arch.data.model" value="64"/>
    <property name="java.vendor.url" value="https://java.oracle.com/"/>
    <property name="os.name" value="Mac OS X"/>
    <property name="java.vm.specification.version" value="14"/>
    <property name="sun.java.launcher" value="SUN_STANDARD"/>
    <property name="user.country" value="US"/>
    <property name="sun.boot.library.path" value="/Library/Java/JavaVirtualMachines/jdk-14.0.2.jdk/Contents/Home/lib"/>
    <property name="sun.java.command" value="/Users/manjaripokala/Documents/Interview Prep/TakeHome/Github/graphjava/target/surefire/surefirebooter11680543926862289601.jar /Users/manjaripokala/Documents/Interview Prep/TakeHome/Github/graphjava/target/surefire 2021-02-02T12-10-58_312-jvmRun1 surefire2550454794446340218tmp surefire_013152154153422777889tmp"/>
    <property name="http.nonProxyHosts" value="local|*.local|169.254/16|*.169.254/16"/>
    <property name="jdk.debug" value="release"/>
    <property name="surefire.test.class.path" value="/Users/manjaripokala/Documents/Interview Prep/TakeHome/Github/graphjava/target/test-classes:/Users/manjaripokala/Documents/Interview Prep/TakeHome/Github/graphjava/target/classes:/Users/manjaripokala/.m2/repository/junit/junit/4.11/junit-4.11.jar:/Users/manjaripokala/.m2/repository/org/hamcrest/hamcrest-core/1.3/hamcrest-core-1.3.jar:"/>
    <property name="sun.cpu.endian" value="little"/>
    <property name="user.home" value="/Users/manjaripokala"/>
    <property name="user.language" value="en"/>
    <property name="java.specification.vendor" value="Oracle Corporation"/>
    <property name="java.version.date" value="2020-07-14"/>
    <property name="java.home" value="/Library/Java/JavaVirtualMachines/jdk-14.0.2.jdk/Contents/Home"/>
    <property name="file.separator" value="/"/>
    <property name="basedir" value="/Users/manjaripokala/Documents/Interview Prep/TakeHome/Github/graphjava"/>
    <property name="java.vm.compressedOopsMode" value="Zero based"/>
    <property name="line.separator" value="&#10;"/>
    <property name="java.specification.name" value="Java Platform API Specification"/>
    <property name="java.vm.specification.vendor" value="Oracle Corporation"/>
    <property name="surefire.real.class.path" value="/Users/manjaripokala/Documents/Interview Prep/TakeHome/Github/graphjava/target/surefire/surefirebooter11680543926862289601.jar"/>
    <property name="sun.management.compiler" value="HotSpot 64-Bit Tiered Compilers"/>
    <property name="ftp.nonProxyHosts" value="local|*.local|169.254/16|*.169.254/16"/>
    <property name="java.runtime.version" value="14.0.2+12-46"/>
    <property name="user.name" value="manjaripokala"/>
    <property name="path.separator" value=":"/>
    <property name="os.version" value="10.15.5"/>
    <property name="java.runtime.name" value="Java(TM) SE Runtime Environment"/>
    <property name="file.encoding" value="UTF-8"/>
    <property name="java.vm.name" value="Java HotSpot(TM) 64-Bit Server VM"/>
    <property name="localRepository" value="/Users/manjaripokala/.m2/repository"/>
    <property name="java.vendor.url.bug" value="https://bugreport.java.com/bugreport/"/>
    <property name="java.io.tmpdir" value="/var/folders/8r/2tmgcldx3flbzck23lx5dsl80000gn/T/"/>
    <property name="java.version" value="14.0.2"/>
    <property name="user.dir" value="/Users/manjaripokala/Documents/Interview Prep/TakeHome/Github/graphjava"/>
    <property name="os.arch" value="x86_64"/>
    <property name="java.vm.specification.name" value="Java Virtual Machine Specification"/>
    <property name="java.library.path" value="/Users/manjaripokala/Library/Java/Extensions:/Library/Java/Extensions:/Network/Library/Java/Extensions:/System/Library/Java/Extensions:/usr/lib/java:."/>
    <property name="java.vm.info" value="mixed mode, sharing"/>
    <property name="java.vendor" value="Oracle Corporation"/>
    <property name="java.vm.version" value="14.0.2+12-46"/>
    <property name="sun.io.unicode.encoding" value="UnicodeBig"/>
    <property name="socksNonProxyHosts" value="local|*.local|169.254/16|*.169.254/16"/>
    <property name="java.class.version" value="58.0"/>
  </properties>
  <testcase name="testDirectedObject" classname="simple.graph.GraphTest" time="0.006"/>
  <testcase name="testDirectedString" classname="simple.graph.GraphTest" time="0"/>
  <testcase name="testDirectedInteger" classname="simple.graph.GraphTest" time="0.001"/>
  <testcase name="testUnDirectedInteger" classname="simple.graph.GraphTest" time="0.002"/>
  <testcase name="testDirectedInteger2" classname="simple.graph.GraphTest" time="0.001"/>
  <testcase name="testUnDirectedInteger2" classname="simple.graph.GraphTest" time="0.001"/>
</testsuite>